<?xml version="1.0" encoding="UTF-8"?>
<!-- Generated by org.testng.reporters.JUnitReportReporter -->
<testsuite hostname="DESKTOP-CTNIRRU" failures="0" tests="9" name="dashBoardTCs.DBPage3" time="0.009" errors="0" timestamp="2024-03-21T07:59:26 IST" skipped="1">
  <testcase classname="dashBoardTCs.DBPage3" name="testcase2" time="0.001"/>
  <system-out/>
  <testcase classname="dashBoardTCs.DBPage3" name="testcase4" time="0.000"/>
  <system-out/>
  <testcase classname="dashBoardTCs.DBPage3" name="testcase4" time="0.001"/>
  <system-out/>
  <testcase classname="dashBoardTCs.DBPage3" name="testcase4" time="0.001"/>
  <system-out/>
  <testcase classname="dashBoardTCs.DBPage3" name="testcase1" time="0.001"/>
  <system-out/>
  <testcase classname="dashBoardTCs.DBPage3" name="aactestcase5" time="0.001"/>
  <system-out/>
  <testcase classname="dashBoardTCs.DBPage3" name="abctestcase5" time="0.002"/>
  <system-out/>
  <testcase classname="dashBoardTCs.DBPage3" name="testcase" time="0.002"/>
  <system-out/>
  <testcase classname="dashBoardTCs.DBPage3" name="testcase3">
    <skipped/>
  </testcase> <!-- testcase3 -->
  <system-out/>
</testsuite> <!-- dashBoardTCs.DBPage3 -->
